<?xml version="1.0" encoding="UTF-8"?>
<robot generator="Robot 3.1.2 (Python 3.8.2 on win32)" generated="20200826 14:04:58.218" rpa="false">
<suite id="s1" name="Desafio" source="C:\qaninja\robot\Klabin\web\tests\desafio.robot">
<test id="s1-t1" name="Validar Cadastro no Site Americanas">
<kw name="Open Browser" library="SeleniumLibrary">
<doc>Opens a new browser instance to the optional ``url``.</doc>
<arguments>
<arg>http://qabeneficios.itsseg.com/login</arg>
<arg>chrome</arg>
</arguments>
<msg timestamp="20200826 14:04:58.416" level="INFO">Opening browser 'chrome' to base url 'http://qabeneficios.itsseg.com/login'.</msg>
<status status="PASS" starttime="20200826 14:04:58.416" endtime="20200826 14:05:10.707"></status>
</kw>
<kw name="Maximize Browser Window" library="SeleniumLibrary">
<doc>Maximizes current browser window.</doc>
<status status="PASS" starttime="20200826 14:05:10.708" endtime="20200826 14:05:12.834"></status>
</kw>
<kw name="Input Text" library="SeleniumLibrary">
<doc>Types the given ``text`` into the text field identified by ``locator``.</doc>
<arguments>
<arg>id:login</arg>
<arg>33333333333</arg>
</arguments>
<msg timestamp="20200826 14:05:12.834" level="INFO">Typing text '33333333333' into text field 'id:login'.</msg>
<status status="PASS" starttime="20200826 14:05:12.834" endtime="20200826 14:05:12.984"></status>
</kw>
<kw name="Input Text" library="SeleniumLibrary">
<doc>Types the given ``text`` into the text field identified by ``locator``.</doc>
<arguments>
<arg>id:senha</arg>
<arg>123456</arg>
</arguments>
<msg timestamp="20200826 14:05:12.985" level="INFO">Typing text '123456' into text field 'id:senha'.</msg>
<status status="PASS" starttime="20200826 14:05:12.985" endtime="20200826 14:05:13.069"></status>
</kw>
<kw name="Click Element" library="SeleniumLibrary">
<doc>Click the element identified by ``locator``.</doc>
<arguments>
<arg>xpath://*[@id="1"]/form/div[4]/div[2]/button/span</arg>
</arguments>
<msg timestamp="20200826 14:05:13.070" level="INFO">Clicking element 'xpath://*[@id="1"]/form/div[4]/div[2]/button/span'.</msg>
<status status="PASS" starttime="20200826 14:05:13.069" endtime="20200826 14:05:13.134"></status>
</kw>
<kw name="Wait Until Page Contains" library="SeleniumLibrary">
<doc>Waits until ``text`` appears on the current page.</doc>
<arguments>
<arg>Usuário não encontrado</arg>
</arguments>
<status status="PASS" starttime="20200826 14:05:13.135" endtime="20200826 14:05:13.363"></status>
</kw>
<status status="PASS" starttime="20200826 14:04:58.415" endtime="20200826 14:05:13.363" critical="yes"></status>
</test>
<status status="PASS" starttime="20200826 14:04:58.220" endtime="20200826 14:05:13.365"></status>
</suite>
<statistics>
<total>
<stat pass="1" fail="0">Critical Tests</stat>
<stat pass="1" fail="0">All Tests</stat>
</total>
<tag>
</tag>
<suite>
<stat pass="1" fail="0" id="s1" name="Desafio">Desafio</stat>
</suite>
</statistics>
<errors>
</errors>
</robot>
